#-----------------------------------------------------------
# Vivado v2021.1 (64-bit)
# SW Build 3247384 on Thu Jun 10 19:36:33 MDT 2021
# IP Build 3246043 on Fri Jun 11 00:30:35 MDT 2021
# Start of session at: Sun Oct 16 20:00:23 2022
# Process ID: 14880
# Current directory: C:/Users/thear/Documents/college/Year 2/DIGITAL DESIGN Fall 2022/Vivado/project_1
# Command line: vivado.exe -gui_launcher_event rodinguilauncherevent7984 C:\Users\thear\Documents\college\Year 2\DIGITAL DESIGN Fall 2022\Vivado\project_1\project_1.xpr
# Log file: C:/Users/thear/Documents/college/Year 2/DIGITAL DESIGN Fall 2022/Vivado/project_1/vivado.log
# Journal file: C:/Users/thear/Documents/college/Year 2/DIGITAL DESIGN Fall 2022/Vivado/project_1\vivado.jou
#-----------------------------------------------------------
start_gui
open_project {C:/Users/thear/Documents/college/Year 2/DIGITAL DESIGN Fall 2022/Vivado/project_1/project_1.xpr}
INFO: [ProjectBase 1-489] The host OS only allows 260 characters in a normal path. The project is stored in a path with more than 80 characters. If you experience issues with IP, Block Designs, or files not being found, please consider moving the project to a location with a shorter path. Alternately consider using the OS subst command to map part of the path to a drive letter.
Current project path is 'C:/Users/thear/Documents/college/Year 2/DIGITAL DESIGN Fall 2022/Vivado/project_1'
WARNING: [filemgmt 56-3] Default IP Output Path : Could not find the directory 'C:/Users/thear/Documents/college/Year 2/DIGITAL DESIGN Fall 2022/Vivado/project_1/project_1.gen/sources_1'.
Scanning sources...
Finished scanning sources
INFO: [IP_Flow 19-234] Refreshing IP repositories
INFO: [IP_Flow 19-1704] No user IP repositories specified
INFO: [IP_Flow 19-2313] Loaded Vivado IP repository 'C:/Xilinx/Vivado/2021.1/data/ip'.
open_project: Time (s): cpu = 00:00:15 ; elapsed = 00:00:06 . Memory (MB): peak = 1136.289 ; gain = 0.000
update_compile_order -fileset sources_1
exit
INFO: [Common 17-206] Exiting Vivado at Sun Oct 16 20:13:33 2022...
